<?xml version="1.0" encoding="UTF-8"?>
<testng-results skipped="0" failed="1" total="1" passed="0">
  <reporter-output>
  </reporter-output>
  <suite name="Default suite" duration-ms="9477" started-at="2015-11-30T20:53:38Z" finished-at="2015-11-30T20:53:47Z">
    <groups>
    </groups>
    <test name="Default test" duration-ms="9477" started-at="2015-11-30T20:53:38Z" finished-at="2015-11-30T20:53:47Z">
      <class name="com.example.tests.TestOfGroupModification">
        <test-method status="PASS" signature="setUp()[pri:0, instance:com.example.tests.TestOfGroupModification@3930015a]" name="setUp" is-config="true" duration-ms="4967" started-at="2015-11-30T23:53:38Z" finished-at="2015-11-30T23:53:43Z">
          <reporter-output>
          </reporter-output>
        </test-method> <!-- setUp -->
        <test-method status="FAIL" signature="modifySomeGroup(com.example.tests.GroupData)[pri:0, instance:com.example.tests.TestOfGroupModification@3930015a]" name="modifySomeGroup" duration-ms="2863" started-at="2015-11-30T23:53:43Z" data-provider="randomValidGroupGenerator" finished-at="2015-11-30T23:53:46Z">
          <params>
            <param index="0">
              <value>
                <![CDATA[GroupData [id=47, name=test0]]]>
              </value>
            </param>
          </params>
          <exception class="java.lang.AssertionError">
            <message>
              <![CDATA[
Expected: <[GroupData [id=44, name=], GroupData [id=47, name=], GroupData [id=47, name=test0]]]]><![CDATA[>
     but: was <[GroupData [id=44, name=], GroupData [id=47, name=test0]]><![CDATA[]]]]><![CDATA[>]]>
            </message>
            <full-stacktrace>
              <![CDATA[java.lang.AssertionError: 
Expected: <[GroupData [id=44, name=], GroupData [id=47, name=], GroupData [id=47, name=test0]]]]><![CDATA[>
     but: was <[GroupData [id=44, name=], GroupData [id=47, name=test0]]]]><![CDATA[>
	at org.hamcrest.MatcherAssert.assertThat(MatcherAssert.java:20)
	at org.junit.Assert.assertThat(Assert.java:956)
	at org.junit.Assert.assertThat(Assert.java:923)
	at com.example.tests.TestOfGroupModification.modifySomeGroup(TestOfGroupModification.java:29)
	at sun.reflect.NativeMethodAccessorImpl.invoke0(Native Method)
	at sun.reflect.NativeMethodAccessorImpl.invoke(NativeMethodAccessorImpl.java:62)
	at sun.reflect.DelegatingMethodAccessorImpl.invoke(DelegatingMethodAccessorImpl.java:43)
	at java.lang.reflect.Method.invoke(Method.java:497)
	at org.testng.internal.MethodInvocationHelper.invokeMethod(MethodInvocationHelper.java:84)
	at org.testng.internal.Invoker.invokeMethod(Invoker.java:714)
	at org.testng.internal.Invoker.invokeTestMethod(Invoker.java:901)
	at org.testng.internal.Invoker.invokeTestMethods(Invoker.java:1231)
	at org.testng.internal.TestMethodWorker.invokeTestMethods(TestMethodWorker.java:127)
	at org.testng.internal.TestMethodWorker.run(TestMethodWorker.java:111)
	at org.testng.TestRunner.privateRun(TestRunner.java:767)
	at org.testng.TestRunner.run(TestRunner.java:617)
	at org.testng.SuiteRunner.runTest(SuiteRunner.java:334)
	at org.testng.SuiteRunner.runSequentially(SuiteRunner.java:329)
	at org.testng.SuiteRunner.privateRun(SuiteRunner.java:291)
	at org.testng.SuiteRunner.run(SuiteRunner.java:240)
	at org.testng.SuiteRunnerWorker.runSuite(SuiteRunnerWorker.java:52)
	at org.testng.SuiteRunnerWorker.run(SuiteRunnerWorker.java:86)
	at org.testng.TestNG.runSuitesSequentially(TestNG.java:1224)
	at org.testng.TestNG.runSuitesLocally(TestNG.java:1149)
	at org.testng.TestNG.run(TestNG.java:1057)
	at org.testng.remote.RemoteTestNG.run(RemoteTestNG.java:111)
	at org.testng.remote.RemoteTestNG.initAndRun(RemoteTestNG.java:204)
	at org.testng.remote.RemoteTestNG.main(RemoteTestNG.java:175)
]]>
            </full-stacktrace>
          </exception> <!-- java.lang.AssertionError -->
          <reporter-output>
          </reporter-output>
        </test-method> <!-- modifySomeGroup -->
        <test-method status="PASS" signature="tearDown()[pri:0, instance:com.example.tests.TestOfGroupModification@3930015a]" name="tearDown" is-config="true" duration-ms="1629" started-at="2015-11-30T23:53:46Z" finished-at="2015-11-30T23:53:47Z">
          <reporter-output>
          </reporter-output>
        </test-method> <!-- tearDown -->
      </class> <!-- com.example.tests.TestOfGroupModification -->
    </test> <!-- Default test -->
  </suite> <!-- Default suite -->
</testng-results>
